<?xml version="1.0" encoding="UTF-8" ?>
<testsuite errors="0" failures="0" hostname="dpetrillo-mbr.home" name="sample.HelloWorldTest" skipped="1" tests="2" time="0.028" timestamp="2015-05-08T02:08:29">
  <properties>
[...]
</properties>
  <testcase classname="sample.HelloWorldTest" name="thisIsIgnored" time="0.001">
    <skipped />
  </testcase>
  <testcase classname="sample.HelloWorldTest" name="thisAlwaysPass" time="0.001" />
  <system-out><![CDATA[]]></system-out>
  <system-err><![CDATA[]]></system-err>
</testsuite>
